<?xml version="1.0" encoding="UTF-8"?>
<!-- Generated by org.testng.reporters.JUnitReportReporter -->
<testsuite skipped="0" hostname="MAC9WR3N32" name="com.ringcentral.test.testRingSampleTestCase" tests="1" failures="0" timestamp="07 Sep 2018 12:59:54 GMT" time="4.549" errors="0">
  <testcase name="testVersionApi" time="4.549" classname="com.ringcentral.test.testRingSampleTestCase"/>
</testsuite> <!-- com.ringcentral.test.testRingSampleTestCase -->
