<?xml version="1.0" encoding="UTF-8"?>
<!-- Generated by org.testng.reporters.JUnitReportReporter -->
<testsuite skipped="0" hostname="MAC9WR3N32" name="testInterview.testInterview.TestTicketComment" tests="1" failures="0" timestamp="10 Jun 2018 19:35:05 GMT" time="27.134" errors="0">
  <testcase name="testCommentTicket" time="27.134" classname="testInterview.testInterview.TestTicketComment"/>
</testsuite> <!-- testInterview.testInterview.TestTicketComment -->
