<?xml version="1.0" encoding="UTF-8"?>
<!-- Generated by org.testng.reporters.JUnitReportReporter -->
<testsuite skipped="0" hostname="MAC9WR3N32" name="com.zendesk.interview.tests.TestTicketComment" tests="1" failures="0" timestamp="11 Jun 2018 02:28:52 GMT" time="14.170" errors="0">
  <testcase name="testCommentTicket" time="14.170" classname="com.zendesk.interview.tests.TestTicketComment"/>
</testsuite> <!-- com.zendesk.interview.tests.TestTicketComment -->
