<?xml version="1.0" encoding="UTF-8"?>
<!-- Generated by org.testng.reporters.JUnitReportReporter -->
<testsuite skipped="0" hostname="MAC9WR3N32" name="com.ringcentral.test.testRingPost" tests="1" failures="0" timestamp="07 Sep 2018 05:35:10 GMT" time="6.984" errors="0">
  <testcase name="testPost" time="6.984" classname="com.ringcentral.test.testRingPost"/>
</testsuite> <!-- com.ringcentral.test.testRingPost -->
