<?xml version="1.0" encoding="UTF-8"?>
<!-- Generated by org.testng.reporters.JUnitReportReporter -->
<testsuite skipped="0" hostname="MAC9WR3N32" name="com.zendesk.interview.tests.TestTicketCreate" tests="1" failures="0" timestamp="11 Jun 2018 02:28:25 GMT" time="14.928" errors="0">
  <testcase name="testCreateTicket" time="14.928" classname="com.zendesk.interview.tests.TestTicketCreate"/>
</testsuite> <!-- com.zendesk.interview.tests.TestTicketCreate -->
