<?xml version="1.0" encoding="UTF-8"?>
<!-- Generated by org.testng.reporters.JUnitReportReporter -->
<testsuite skipped="0" hostname="MAC9WR3N32" name="testInterview.testInterview.TestTicketCreate" tests="1" failures="0" timestamp="10 Jun 2018 20:36:12 GMT" time="18.137" errors="0">
  <testcase name="testCreateTicket" time="18.137" classname="testInterview.testInterview.TestTicketCreate"/>
</testsuite> <!-- testInterview.testInterview.TestTicketCreate -->
