<?xml version="1.0" encoding="UTF-8"?>
<!-- Generated by org.testng.reporters.JUnitReportReporter -->
<testsuite skipped="0" hostname="MAC9WR3N32" name="testInterview.testInterview.TestTicketList" tests="1" failures="0" timestamp="10 Jun 2018 20:10:10 GMT" time="92.809" errors="0">
  <testcase name="testListTicket" time="92.809" classname="testInterview.testInterview.TestTicketList"/>
</testsuite> <!-- testInterview.testInterview.TestTicketList -->
