<?xml version="1.0" encoding="UTF-8"?>
<!-- Generated by org.testng.reporters.JUnitReportReporter -->
<testsuite skipped="0" hostname="MAC9WR3N32" name="testInterview.testInterview.TestTicketDelete" tests="1" failures="0" timestamp="10 Jun 2018 20:25:41 GMT" time="8.353" errors="0">
  <testcase name="testDeleteTicket" time="8.353" classname="testInterview.testInterview.TestTicketDelete"/>
</testsuite> <!-- testInterview.testInterview.TestTicketDelete -->
