<?xml version="1.0" encoding="UTF-8"?>
<!-- Generated by org.testng.reporters.JUnitReportReporter -->
<testsuite skipped="0" hostname="MAC9WR3N32" name="com.zendesk.interview.tests.TestTicketDelete" tests="1" failures="0" timestamp="06 Aug 2018 04:41:36 GMT" time="16.683" errors="0">
  <testcase name="testDeleteTicket" time="16.683" classname="com.zendesk.interview.tests.TestTicketDelete"/>
</testsuite> <!-- com.zendesk.interview.tests.TestTicketDelete -->
