<?xml version="1.0" encoding="UTF-8"?>
<!-- Generated by org.testng.reporters.JUnitReportReporter -->
<testsuite skipped="0" hostname="MAC9WR3N32" name="com.zendesk.interview.tests.TestTicketList" tests="1" failures="0" timestamp="11 Jun 2018 02:29:23 GMT" time="8.100" errors="0">
  <testcase name="testListTicket" time="8.100" classname="com.zendesk.interview.tests.TestTicketList"/>
</testsuite> <!-- com.zendesk.interview.tests.TestTicketList -->
