<?xml version="1.0" encoding="UTF-8"?>
<!-- Generated by org.testng.reporters.JUnitReportReporter -->
<testsuite skipped="0" hostname="MAC9WR3N32" name="testInterview.testInterview.TestInterview" tests="1" failures="0" timestamp="09 Jun 2018 17:50:38 GMT" time="3.026" errors="0">
  <testcase name="testCreateTicket" time="3.026" classname="testInterview.testInterview.TestInterview"/>
</testsuite> <!-- testInterview.testInterview.TestInterview -->
